<?xml version="1.0" encoding="UTF-8"?>
<!-- Generated by org.testng.reporters.JUnitReportReporter -->
<testsuite hostname="LAPTOP-74HSD0LE" failures="0" tests="2" name="ExtentsReports.ExtentsReports.FirstClass" time="18.931" errors="0" timestamp="2021-08-16T20:25:32 IST" skipped="0">
  <testcase classname="ExtentsReports.ExtentsReports.FirstClass" name="TitleTest1" time="10.843"/>
  <system-out/>
  <testcase classname="ExtentsReports.ExtentsReports.FirstClass" name="TitleTest" time="8.088"/>
  <system-out/>
</testsuite> <!-- ExtentsReports.ExtentsReports.FirstClass -->
